This is pdfTeX, Version 3.14159265-2.6-1.40.20 (TeX Live 2019) (preloaded format=pdflatex 2019.11.20)  11 DEC 2019 01:36
entering extended mode
 restricted \write18 enabled.
 file:line:error style messages enabled.
 %&-line parsing enabled.
**Report.tex
(./Report.tex
LaTeX2e <2018-12-01>
(/usr/share/texlive/texmf-dist/tex/latex/base/article.cls
Document Class: article 2018/09/03 v1.4i Standard LaTeX document class
(/usr/share/texlive/texmf-dist/tex/latex/base/size10.clo
File: size10.clo 2018/09/03 v1.4i Standard LaTeX file (size option)
)
\c@part=\count80
\c@section=\count81
\c@subsection=\count82
\c@subsubsection=\count83
\c@paragraph=\count84
\c@subparagraph=\count85
\c@figure=\count86
\c@table=\count87
\abovecaptionskip=\skip41
\belowcaptionskip=\skip42
\bibindent=\dimen102
)
(/usr/share/texlive/texmf-dist/tex/latex/base/inputenc.sty
Package: inputenc 2018/08/11 v1.3c Input encoding file
\inpenc@prehook=\toks14
\inpenc@posthook=\toks15
)
(/usr/share/texlive/texmf-dist/tex/latex/setspace/setspace.sty
Package: setspace 2011/12/19 v6.7a set line spacing
)
(/usr/share/texlive/texmf-dist/tex/latex/geometry/geometry.sty
Package: geometry 2018/04/16 v5.8 Page Geometry

(/usr/share/texlive/texmf-dist/tex/latex/graphics/keyval.sty
Package: keyval 2014/10/28 v1.15 key=value parser (DPC)
\KV@toks@=\toks16
)
(/usr/share/texlive/texmf-dist/tex/generic/oberdiek/ifpdf.sty
Package: ifpdf 2018/09/07 v3.3 Provides the ifpdf switch
)
(/usr/share/texlive/texmf-dist/tex/generic/oberdiek/ifvtex.sty
Package: ifvtex 2016/05/16 v1.6 Detect VTeX and its facilities (HO)
Package ifvtex Info: VTeX not detected.
)
(/usr/share/texlive/texmf-dist/tex/generic/ifxetex/ifxetex.sty
Package: ifxetex 2010/09/12 v0.6 Provides ifxetex conditional
)
\Gm@cnth=\count88
\Gm@cntv=\count89
\c@Gm@tempcnt=\count90
\Gm@bindingoffset=\dimen103
\Gm@wd@mp=\dimen104
\Gm@odd@mp=\dimen105
\Gm@even@mp=\dimen106
\Gm@layoutwidth=\dimen107
\Gm@layoutheight=\dimen108
\Gm@layouthoffset=\dimen109
\Gm@layoutvoffset=\dimen110
\Gm@dimlist=\toks17
)
(/usr/share/texlive/texmf-dist/tex/latex/biblatex/biblatex.sty
Package: biblatex 2018/11/02 v3.12 programmable bibliographies (PK/MW)

(/usr/share/texlive/texmf-dist/tex/generic/oberdiek/pdftexcmds.sty
Package: pdftexcmds 2018/09/10 v0.29 Utility functions of pdfTeX for LuaTeX (HO
)

(/usr/share/texlive/texmf-dist/tex/generic/oberdiek/infwarerr.sty
Package: infwarerr 2016/05/16 v1.4 Providing info/warning/error messages (HO)
)
(/usr/share/texlive/texmf-dist/tex/generic/oberdiek/ifluatex.sty
Package: ifluatex 2016/05/16 v1.4 Provides the ifluatex switch (HO)
Package ifluatex Info: LuaTeX not detected.
)
(/usr/share/texlive/texmf-dist/tex/generic/oberdiek/ltxcmds.sty
Package: ltxcmds 2016/05/16 v1.23 LaTeX kernel commands for general use (HO)
)
Package pdftexcmds Info: LuaTeX not detected.
Package pdftexcmds Info: \pdf@primitive is available.
Package pdftexcmds Info: \pdf@ifprimitive is available.
Package pdftexcmds Info: \pdfdraftmode found.
)
(/usr/share/texlive/texmf-dist/tex/latex/etoolbox/etoolbox.sty
Package: etoolbox 2018/08/19 v2.5f e-TeX tools for LaTeX (JAW)
\etb@tempcnta=\count91
)
(/usr/share/texlive/texmf-dist/tex/latex/oberdiek/kvoptions.sty
Package: kvoptions 2016/05/16 v3.12 Key value format for package options (HO)

(/usr/share/texlive/texmf-dist/tex/generic/oberdiek/kvsetkeys.sty
Package: kvsetkeys 2016/05/16 v1.17 Key value parser (HO)

(/usr/share/texlive/texmf-dist/tex/generic/oberdiek/etexcmds.sty
Package: etexcmds 2016/05/16 v1.6 Avoid name clashes with e-TeX commands (HO)
)))
(/usr/share/texlive/texmf-dist/tex/latex/logreq/logreq.sty
Package: logreq 2010/08/04 v1.0 xml request logger
\lrq@indent=\count92

(/usr/share/texlive/texmf-dist/tex/latex/logreq/logreq.def
File: logreq.def 2010/08/04 v1.0 logreq spec v1.0
))
(/usr/share/texlive/texmf-dist/tex/latex/base/ifthen.sty
Package: ifthen 2014/09/29 v1.1c Standard LaTeX ifthen package (DPC)
)
(/usr/share/texlive/texmf-dist/tex/latex/url/url.sty
\Urlmuskip=\muskip10
Package: url 2013/09/16  ver 3.4  Verb mode for urls, etc.
)
\c@tabx@nest=\count93
\c@listtotal=\count94
\c@listcount=\count95
\c@liststart=\count96
\c@liststop=\count97
\c@citecount=\count98
\c@citetotal=\count99
\c@multicitecount=\count100
\c@multicitetotal=\count101
\c@instcount=\count102
\c@maxnames=\count103
\c@minnames=\count104
\c@maxitems=\count105
\c@minitems=\count106
\c@citecounter=\count107
\c@maxcitecounter=\count108
\c@savedcitecounter=\count109
\c@uniquelist=\count110
\c@uniquename=\count111
\c@refsection=\count112
\c@refsegment=\count113
\c@maxextratitle=\count114
\c@maxextratitleyear=\count115
\c@maxextraname=\count116
\c@maxextradate=\count117
\c@maxextraalpha=\count118
\c@abbrvpenalty=\count119
\c@highnamepenalty=\count120
\c@lownamepenalty=\count121
\c@maxparens=\count122
\c@parenlevel=\count123
\blx@tempcnta=\count124
\blx@tempcntb=\count125
\blx@tempcntc=\count126
\blx@maxsection=\count127
\blx@maxsegment@0=\count128
\blx@notetype=\count129
\blx@parenlevel@text=\count130
\blx@parenlevel@foot=\count131
\blx@sectionciteorder@0=\count132
\blx@entrysetcounter=\count133
\labelnumberwidth=\skip43
\labelalphawidth=\skip44
\biblabelsep=\skip45
\bibitemsep=\skip46
\bibnamesep=\skip47
\bibinitsep=\skip48
\bibparsep=\skip49
\bibhang=\skip50
\blx@bcfin=\read1
\blx@bcfout=\write3
\c@mincomprange=\count134
\c@maxcomprange=\count135
\c@mincompwidth=\count136
Package biblatex Info: Trying to load biblatex default data model...
Package biblatex Info: ... file 'blx-dm.def' found.

(/usr/share/texlive/texmf-dist/tex/latex/biblatex/blx-dm.def
File: blx-dm.def 2018/11/02 v3.12 biblatex localization (PK/MW)
)
Package biblatex Info: Trying to load biblatex style data model...
Package biblatex Info: ... file 'numeric.dbx' not found.
Package biblatex Info: Trying to load biblatex custom data model...
Package biblatex Info: ... file 'biblatex-dm.cfg' not found.
\c@afterword=\count137
\c@savedafterword=\count138
\c@annotator=\count139
\c@savedannotator=\count140
\c@author=\count141
\c@savedauthor=\count142
\c@bookauthor=\count143
\c@savedbookauthor=\count144
\c@commentator=\count145
\c@savedcommentator=\count146
\c@editor=\count147
\c@savededitor=\count148
\c@editora=\count149
\c@savededitora=\count150
\c@editorb=\count151
\c@savededitorb=\count152
\c@editorc=\count153
\c@savededitorc=\count154
\c@foreword=\count155
\c@savedforeword=\count156
\c@holder=\count157
\c@savedholder=\count158
\c@introduction=\count159
\c@savedintroduction=\count160
\c@namea=\count161
\c@savednamea=\count162
\c@nameb=\count163
\c@savednameb=\count164
\c@namec=\count165
\c@savednamec=\count166
\c@translator=\count167
\c@savedtranslator=\count168
\c@shortauthor=\count169
\c@savedshortauthor=\count170
\c@shorteditor=\count171
\c@savedshorteditor=\count172
\c@labelname=\count173
\c@savedlabelname=\count174
\c@institution=\count175
\c@savedinstitution=\count176
\c@lista=\count177
\c@savedlista=\count178
\c@listb=\count179
\c@savedlistb=\count180
\c@listc=\count181
\c@savedlistc=\count182
\c@listd=\count183
\c@savedlistd=\count184
\c@liste=\count185
\c@savedliste=\count186
\c@listf=\count187
\c@savedlistf=\count188
\c@location=\count189
\c@savedlocation=\count190
\c@organization=\count191
\c@savedorganization=\count192
\c@origlocation=\count193
\c@savedoriglocation=\count194
\c@origpublisher=\count195
\c@savedorigpublisher=\count196
\c@publisher=\count197
\c@savedpublisher=\count198
\c@language=\count199
\c@savedlanguage=\count266
\c@origlanguage=\count267
\c@savedoriglanguage=\count268
\c@pageref=\count269
\c@savedpageref=\count270
\shorthandwidth=\skip51
\shortjournalwidth=\skip52
\shortserieswidth=\skip53
\shorttitlewidth=\skip54
\shortauthorwidth=\skip55
\shorteditorwidth=\skip56
\locallabelnumberwidth=\skip57
\locallabelalphawidth=\skip58
\localshorthandwidth=\skip59
\localshortjournalwidth=\skip60
\localshortserieswidth=\skip61
\localshorttitlewidth=\skip62
\localshortauthorwidth=\skip63
\localshorteditorwidth=\skip64
Package biblatex Info: Trying to load compatibility code...
Package biblatex Info: ... file 'blx-compat.def' found.

(/usr/share/texlive/texmf-dist/tex/latex/biblatex/blx-compat.def
File: blx-compat.def 2018/11/02 v3.12 biblatex compatibility (PK/MW)
)
Package biblatex Info: Trying to load generic definitions...
Package biblatex Info: ... file 'biblatex.def' found.

(/usr/share/texlive/texmf-dist/tex/latex/biblatex/biblatex.def
File: biblatex.def 2018/11/02 v3.12 biblatex compatibility (PK/MW)
\c@textcitecount=\count271
\c@textcitetotal=\count272
\c@textcitemaxnames=\count273
\c@biburlnumpenalty=\count274
\c@biburlucpenalty=\count275
\c@biburllcpenalty=\count276
\c@smartand=\count277
)
Package biblatex Info: Trying to load bibliography style 'numeric'...
Package biblatex Info: ... file 'numeric.bbx' found.

(/usr/share/texlive/texmf-dist/tex/latex/biblatex/bbx/numeric.bbx
File: numeric.bbx 2018/11/02 v3.12 biblatex bibliography style (PK/MW)
Package biblatex Info: Trying to load bibliography style 'standard'...
Package biblatex Info: ... file 'standard.bbx' found.

(/usr/share/texlive/texmf-dist/tex/latex/biblatex/bbx/standard.bbx
File: standard.bbx 2018/11/02 v3.12 biblatex bibliography style (PK/MW)
\c@bbx:relatedcount=\count278
\c@bbx:relatedtotal=\count279
))
Package biblatex Info: Trying to load citation style 'numeric'...
Package biblatex Info: ... file 'numeric.cbx' found.

(/usr/share/texlive/texmf-dist/tex/latex/biblatex/cbx/numeric.cbx
File: numeric.cbx 2018/11/02 v3.12 biblatex citation style (PK/MW)
Package biblatex Info: Redefining '\cite'.
Package biblatex Info: Redefining '\parencite'.
Package biblatex Info: Redefining '\footcite'.
Package biblatex Info: Redefining '\footcitetext'.
Package biblatex Info: Redefining '\smartcite'.
Package biblatex Info: Redefining '\supercite'.
Package biblatex Info: Redefining '\textcite'.
Package biblatex Info: Redefining '\textcites'.
Package biblatex Info: Redefining '\cites'.
Package biblatex Info: Redefining '\parencites'.
Package biblatex Info: Redefining '\smartcites'.
)
Package biblatex Info: Trying to load configuration file...
Package biblatex Info: ... file 'biblatex.cfg' found.

(/usr/share/texlive/texmf-dist/tex/latex/biblatex/biblatex.cfg
File: biblatex.cfg 
))
(/usr/share/texlive/texmf-dist/tex/latex/float/float.sty
Package: float 2001/11/08 v1.3d Float enhancements (AL)
\c@float@type=\count280
\float@exts=\toks18
\float@box=\box27
\@float@everytoks=\toks19
\@floatcapt=\box28
)
(/usr/share/texlive/texmf-dist/tex/latex/graphics/graphicx.sty
Package: graphicx 2017/06/01 v1.1a Enhanced LaTeX Graphics (DPC,SPQR)

(/usr/share/texlive/texmf-dist/tex/latex/graphics/graphics.sty
Package: graphics 2017/06/25 v1.2c Standard LaTeX Graphics (DPC,SPQR)

(/usr/share/texlive/texmf-dist/tex/latex/graphics/trig.sty
Package: trig 2016/01/03 v1.10 sin cos tan (DPC)
)
(/usr/share/texlive/texmf-dist/tex/latex/graphics-cfg/graphics.cfg
File: graphics.cfg 2016/06/04 v1.11 sample graphics configuration
)
Package graphics Info: Driver file: pdftex.def on input line 99.

(/usr/share/texlive/texmf-dist/tex/latex/graphics-def/pdftex.def
File: pdftex.def 2018/01/08 v1.0l Graphics/color driver for pdftex
))
\Gin@req@height=\dimen111
\Gin@req@width=\dimen112
)
Package biblatex Info: Trying to load language 'english'...
Package biblatex Info: ... file 'english.lbx' found.

(/usr/share/texlive/texmf-dist/tex/latex/biblatex/lbx/english.lbx
File: english.lbx 2018/11/02 v3.12 biblatex localization (PK/MW)
)
\@quotelevel=\count281
\@quotereset=\count282

(./Report.aux)
\openout1 = `Report.aux'.

LaTeX Font Info:    Checking defaults for OML/cmm/m/it on input line 18.
LaTeX Font Info:    ... okay on input line 18.
LaTeX Font Info:    Checking defaults for T1/cmr/m/n on input line 18.
LaTeX Font Info:    ... okay on input line 18.
LaTeX Font Info:    Checking defaults for OT1/cmr/m/n on input line 18.
LaTeX Font Info:    ... okay on input line 18.
LaTeX Font Info:    Checking defaults for OMS/cmsy/m/n on input line 18.
LaTeX Font Info:    ... okay on input line 18.
LaTeX Font Info:    Checking defaults for OMX/cmex/m/n on input line 18.
LaTeX Font Info:    ... okay on input line 18.
LaTeX Font Info:    Checking defaults for U/cmr/m/n on input line 18.
LaTeX Font Info:    ... okay on input line 18.

*geometry* driver: auto-detecting
*geometry* detected driver: pdftex
*geometry* verbose mode - [ preamble ] result:
* driver: pdftex
* paper: <default>
* layout: <same size as paper>
* layoutoffset:(h,v)=(0.0pt,0.0pt)
* modes: 
* h-part:(L,W,R)=(54.2025pt, 505.89pt, 54.2025pt)
* v-part:(T,H,B)=(54.2025pt, 686.56499pt, 54.2025pt)
* \paperwidth=614.295pt
* \paperheight=794.96999pt
* \textwidth=505.89pt
* \textheight=686.56499pt
* \oddsidemargin=-18.06749pt
* \evensidemargin=-18.06749pt
* \topmargin=-55.06749pt
* \headheight=12.0pt
* \headsep=25.0pt
* \topskip=10.0pt
* \footskip=30.0pt
* \marginparwidth=65.0pt
* \marginparsep=11.0pt
* \columnsep=10.0pt
* \skip\footins=9.0pt plus 4.0pt minus 2.0pt
* \hoffset=0.0pt
* \voffset=0.0pt
* \mag=1000
* \@twocolumnfalse
* \@twosidefalse
* \@mparswitchfalse
* \@reversemarginfalse
* (1in=72.27pt=25.4mm, 1cm=28.453pt)

Package biblatex Info: Input encoding 'utf8' detected.
Package biblatex Info: Automatic encoding selection.
(biblatex)             Assuming data encoding 'utf8'.
\openout3 = `Report.bcf'.

Package biblatex Info: Trying to load bibliographic data...
Package biblatex Info: ... file 'Report.bbl' found.
(./Report.bbl)
Package biblatex Info: Reference section=0 on input line 18.
Package biblatex Info: Reference segment=0 on input line 18.

(/usr/share/texlive/texmf-dist/tex/context/base/mkii/supp-pdf.mkii
[Loading MPS to PDF converter (version 2006.09.02).]
\scratchcounter=\count283
\scratchdimen=\dimen113
\scratchbox=\box29
\nofMPsegments=\count284
\nofMParguments=\count285
\everyMPshowfont=\toks20
\MPscratchCnt=\count286
\MPscratchDim=\dimen114
\MPnumerator=\count287
\makeMPintoPDFobject=\count288
\everyMPtoPDFconversion=\toks21
) (/usr/share/texlive/texmf-dist/tex/latex/oberdiek/epstopdf-base.sty
Package: epstopdf-base 2016/05/15 v2.6 Base part for package epstopdf

(/usr/share/texlive/texmf-dist/tex/latex/oberdiek/grfext.sty
Package: grfext 2016/05/16 v1.2 Manage graphics extensions (HO)

(/usr/share/texlive/texmf-dist/tex/generic/oberdiek/kvdefinekeys.sty
Package: kvdefinekeys 2016/05/16 v1.4 Define keys (HO)
))
Package epstopdf-base Info: Redefining graphics rule for `.eps' on input line 4
38.
Package grfext Info: Graphics extension search list:
(grfext)             [.pdf,.png,.jpg,.mps,.jpeg,.jbig2,.jb2,.PDF,.PNG,.JPG,.JPE
G,.JBIG2,.JB2,.eps]
(grfext)             \AppendGraphicsExtensions on input line 456.

(/usr/share/texlive/texmf-dist/tex/latex/latexconfig/epstopdf-sys.cfg
File: epstopdf-sys.cfg 2010/07/13 v1.3 Configuration of (r)epstopdf for TeX Liv
e
))
<./images/dinning1.png, id=1, 374.39874pt x 555.07375pt>
File: ./images/dinning1.png Graphic file (type png)
<use ./images/dinning1.png>
Package pdftex.def Info: ./images/dinning1.png  used on input line 35.
(pdftex.def)             Requested size: 241.84842pt x 358.55763pt.
<./images/dinning2.png, id=3, 578.16pt x 723.70375pt>
File: ./images/dinning2.png Graphic file (type png)
<use ./images/dinning2.png>
Package pdftex.def Info: ./images/dinning2.png  used on input line 41.
(pdftex.def)             Requested size: 241.8463pt x 355.65596pt.

[1

{/usr/share/texlive/texmf-dist/fonts/map/pdftex/updmap/pdftex.map} <./images/di
nning1.png> <./images/dinning2.png>]
<./images/dinning10s.png, id=14, 394.47375pt x 788.9475pt>
File: ./images/dinning10s.png Graphic file (type png)
<use ./images/dinning10s.png>
Package pdftex.def Info: ./images/dinning10s.png  used on input line 68.
(pdftex.def)             Requested size: 113.81102pt x 227.62119pt.
<./images/dinngin1m.png, id=15, 348.30125pt x 784.9325pt>
File: ./images/dinngin1m.png Graphic file (type png)
<use ./images/dinngin1m.png>
Package pdftex.def Info: ./images/dinngin1m.png  used on input line 74.
(pdftex.def)             Requested size: 113.81102pt x 256.4774pt.
<./images/dinning2m.png, id=16, 316.18124pt x 795.97375pt>
File: ./images/dinning2m.png Graphic file (type png)
<use ./images/dinning2m.png>
Package pdftex.def Info: ./images/dinning2m.png  used on input line 80.
(pdftex.def)             Requested size: 113.81102pt x 286.5139pt.
<./images/dinning4m.png, id=17, 359.3425pt x 787.94376pt>
File: ./images/dinning4m.png Graphic file (type png)
<use ./images/dinning4m.png>
Package pdftex.def Info: ./images/dinning4m.png  used on input line 86.
(pdftex.def)             Requested size: 113.81102pt x 249.55017pt.
 [2] [3 <./images/dinning10s.png> <./images/dinngin1m.png> <./images/dinning2m.
png> <./images/dinning4m.png>]
LaTeX Font Info:    Try loading font information for OMS+cmr on input line 105.


(/usr/share/texlive/texmf-dist/tex/latex/base/omscmr.fd
File: omscmr.fd 2014/09/29 v2.5h Standard LaTeX font definitions
)
LaTeX Font Info:    Font shape `OMS/cmr/m/n' in size <10> not available
(Font)              Font shape `OMS/cmsy/m/n' tried instead on input line 105.
<./images/calcmain.png, id=28, 392.46625pt x 106.3975pt>
File: ./images/calcmain.png Graphic file (type png)
<use ./images/calcmain.png>
Package pdftex.def Info: ./images/calcmain.png  used on input line 120.
(pdftex.def)             Requested size: 156.9837pt x 42.55824pt.
<./images/calcsetup1.png, id=29, 579.16376pt x 600.2425pt>
File: ./images/calcsetup1.png Graphic file (type png)
<use ./images/calcsetup1.png>
Package pdftex.def Info: ./images/calcsetup1.png  used on input line 131.
(pdftex.def)             Requested size: 241.84842pt x 250.65302pt.
<./images/calcsetup2.png, id=30, 801.99625pt x 431.6125pt>
File: ./images/calcsetup2.png Graphic file (type png)
<use ./images/calcsetup2.png>
Package pdftex.def Info: ./images/calcsetup2.png  used on input line 137.
(pdftex.def)             Requested size: 241.84894pt x 156.4868pt.
LaTeX Font Info:    External font `cmex10' loaded for size
(Font)              <7> on input line 145.
LaTeX Font Info:    External font `cmex10' loaded for size
(Font)              <5> on input line 145.
LaTeX Font Info:    External font `cmex10' loaded for size
(Font)              <8> on input line 145.
LaTeX Font Info:    External font `cmex10' loaded for size
(Font)              <6> on input line 145.
 [4 <./images/calcmain.png> <./images/calcsetup1.png> <./images/calcsetup2.png>
]
<./images/calcfuncs.png, id=38, 589.20125pt x 450.68375pt>
File: ./images/calcfuncs.png Graphic file (type png)
<use ./images/calcfuncs.png>
Package pdftex.def Info: ./images/calcfuncs.png  used on input line 156.
(pdftex.def)             Requested size: 471.36163pt x 360.54747pt.
 [5]
<./images/parserTypes.png, id=45, 635.37375pt x 756.8275pt>
File: ./images/parserTypes.png Graphic file (type png)
<use ./images/parserTypes.png>
Package pdftex.def Info: ./images/parserTypes.png  used on input line 178.
(pdftex.def)             Requested size: 241.84842pt x 288.08246pt.
<./images/parserGrammar.png, id=46, 453.695pt x 772.8875pt>
File: ./images/parserGrammar.png Graphic file (type png)
<use ./images/parserGrammar.png>
Package pdftex.def Info: ./images/parserGrammar.png  used on input line 184.
(pdftex.def)             Requested size: 241.8487pt x 298.74783pt.
 [6 <./images/calcfuncs.png>]
<./images/parserDouble.png, id=51, 470.75874pt x 517.935pt>
File: ./images/parserDouble.png Graphic file (type png)
<use ./images/parserDouble.png>
Package pdftex.def Info: ./images/parserDouble.png  used on input line 195.
(pdftex.def)             Requested size: 376.60751pt x 414.34854pt.
 [7 <./images/parserTypes.png> <./images/parserGrammar.png>]
<./images/10*.png, id=58, 490.83376pt x 686.565pt>
File: ./images/10*.png Graphic file (type png)
<use ./images/10*.png>
Package pdftex.def Info: ./images/10*.png  used on input line 208.
(pdftex.def)             Requested size: 241.84842pt x 338.28455pt.
<./images/10*res.png, id=59, 483.8075pt x 677.53125pt>
File: ./images/10*res.png Graphic file (type png)
<use ./images/10*res.png>
Package pdftex.def Info: ./images/10*res.png  used on input line 214.
(pdftex.def)             Requested size: 241.84842pt x 338.69241pt.

[8 <./images/parserDouble.png>]
<./images/dec*.png, id=64, 488.82625pt x 685.56125pt>
File: ./images/dec*.png Graphic file (type png)
<use ./images/dec*.png>
Package pdftex.def Info: ./images/dec*.png  used on input line 223.
(pdftex.def)             Requested size: 241.84842pt x 339.19173pt.
<./images/dec*res.png, id=65, 494.84875pt x 693.59125pt>
File: ./images/dec*res.png Graphic file (type png)
<use ./images/dec*res.png>
Package pdftex.def Info: ./images/dec*res.png  used on input line 229.
(pdftex.def)             Requested size: 241.84842pt x 338.97368pt.
 [9 <./images/10*.png> <./images/10*res.png>]
<./images/134.png, id=71, 479.7925pt x 672.5125pt>
File: ./images/134.png Graphic file (type png)
<use ./images/134.png>
Package pdftex.def Info: ./images/134.png  used on input line 239.
(pdftex.def)             Requested size: 241.84842pt x 338.99529pt.
<./images/134res.png, id=72, 480.79625pt x 672.5125pt>
File: ./images/134res.png Graphic file (type png)
<use ./images/134res.png>
Package pdftex.def Info: ./images/134res.png  used on input line 245.
(pdftex.def)             Requested size: 241.84842pt x 338.28723pt.

[10 <./images/dec*.png> <./images/dec*res.png>]
<./images/5-3*(5-9).png, id=78, 488.82625pt x 682.55pt>
File: ./images/5-3*(5-9).png Graphic file (type png)
<use ./images/5-3*(5-9).png>
Package pdftex.def Info: ./images/5-3*(5-9).png  used on input line 255.
(pdftex.def)             Requested size: 241.84842pt x 337.70186pt.
<./images/5-3*(5-9)res.png, id=79, 484.81125pt x 678.535pt>
File: ./images/5-3*(5-9)res.png Graphic file (type png)
<use ./images/5-3*(5-9)res.png>
Package pdftex.def Info: ./images/5-3*(5-9)res.png  used on input line 261.
(pdftex.def)             Requested size: 241.84842pt x 338.49014pt.
 [11 <./images/134.png> <./images/134res.png>]

./Report.tex:268: LaTeX Error: \begin{normalsize} on input line 28 ended by \en
d{document}.

See the LaTeX manual or LaTeX Companion for explanation.
Type  H <return>  for immediate help.
 ...                                              
                                                  
l.268 \end{document}
                    
Your command was ignored.
Type  I <command> <return>  to replace it with another command,
or  <return>  to continue without it.

[12 <./images/5-3*(5-9).png> <./images/5-3*(5-9)res.png>] (./Report.aux)
Package logreq Info: Writing requests to 'Report.run.xml'.
\openout1 = `Report.run.xml'.

 )
(\end occurred inside a group at level 2)

### semi simple group (level 2) entered at line 28 (\begingroup)
### semi simple group (level 1) entered at line 12 (\begingroup)
### bottom level 
Here is how much of TeX's memory you used:
 8598 strings out of 492671
 152868 string characters out of 6134269
 584811 words of memory out of 5000000
 12414 multiletter control sequences out of 15000+600000
 6674 words of font info for 24 fonts, out of 8000000 for 9000
 1137 hyphenation exceptions out of 8191
 35i,8n,32p,976b,1722s stack positions out of 5000i,500n,10000p,200000b,80000s
</usr/share/texlive/texmf-dist/fonts/type1/public/amsfonts/cm/c
mbx12.pfb></usr/share/texlive/texmf-dist/fonts/type1/public/amsfonts/cm/cmr10.p
fb></usr/share/texlive/texmf-dist/fonts/type1/public/amsfonts/cm/cmr12.pfb></us
r/share/texlive/texmf-dist/fonts/type1/public/amsfonts/cm/cmr6.pfb></usr/share/
texlive/texmf-dist/fonts/type1/public/amsfonts/cm/cmr7.pfb></usr/share/texlive/
texmf-dist/fonts/type1/public/amsfonts/cm/cmr8.pfb></usr/share/texlive/texmf-di
st/fonts/type1/public/amsfonts/cm/cmsy10.pfb>
Output written on Report.pdf (12 pages, 681835 bytes).
PDF statistics:
 114 PDF objects out of 1000 (max. 8388607)
 50 compressed objects within 1 object stream
 0 named destinations out of 1000 (max. 500000)
 106 words of extra memory for PDF output out of 10000 (max. 10000000)

